<?xml version="1.0" encoding="UTF-8"?>
<testng-results skipped="0" failed="0" ignored="0" total="1" passed="1">
  <reporter-output>
  </reporter-output>
  <suite name="Default suite" duration-ms="37859" started-at="2022-04-21T15:48:42Z" finished-at="2022-04-21T15:49:20Z">
    <groups>
    </groups>
    <test name="Default test" duration-ms="37859" started-at="2022-04-21T15:48:42Z" finished-at="2022-04-21T15:49:20Z">
      <class name="performingCRUDWithBDD.GetAllProjects">
        <test-method status="PASS" signature="getAllProject()[pri:0, instance:performingCRUDWithBDD.GetAllProjects@4501b7af]" name="getAllProject" duration-ms="37385" started-at="2022-04-21T15:48:42Z" finished-at="2022-04-21T15:49:20Z">
          <reporter-output>
          </reporter-output>
        </test-method> <!-- getAllProject -->
      </class> <!-- performingCRUDWithBDD.GetAllProjects -->
    </test> <!-- Default test -->
  </suite> <!-- Default suite -->
</testng-results>
